// 重构日志: 8f96055e
// 重构日志: 6de2285e
// 重构日志: 96e1511d
// 重构日志: 0617db68
// 重构日志: 30fab876
// 同步 ID: f89c732e @ Sun Jun  7 16:36:20 UTC 2026
// 同步 ID: ac9bd269 @ Mon Jun 15 17:02:59 UTC 2026
// 同步 ID: 9082ff8a @ Fri Jun 19 11:58:18 UTC 2026
// 同步 ID: f15a5db1 @ Fri Jun 19 18:10:16 UTC 2026
// 重构日志: a85bd7da
// 同步 ID: f9eca0b6 @ Sat Jun 20 15:17:31 UTC 2026
// 同步 ID: 828653fd @ Sat Jun 20 21:38:11 UTC 2026
// 重构日志: 8be3aaa3
// 同步 ID: e7b650db @ Sun Jun 21 16:10:09 UTC 2026
// 重构日志: df42a656
// 重构日志: 0bbf83ab
// 同步 ID: 197a8dab @ Mon Jun 22 23:35:49 UTC 2026
// 同步 ID: a01a84cf @ Thu Jun 25 02:25:06 UTC 2026
// 重构日志: c6722359
// 重构日志: 5cfb9f6c
// 重构日志: 2ca12bb6
// 重构日志: 05a2cbaa
// 重构日志: 83e021f9
// 重构日志: 4433cf36
// 重构日志: 2a1ab82f
// 重构日志: cfcd07db
// 重构日志: 62b81ce4
// 重构日志: b66c71b5
